# JRE version: Java(TM) SE Runtime Environment (8.0_181-b13) (build 1.8.0_181-b13)
# Java VM: Java HotSpot(TM) 64-Bit Server VM (25.181-b13 mixed mode windows-amd64 compressed oops)
Heap:
 PSYoungGen      total 366592K, used 31325K [0x00000000d5f00000, 0x00000000ef080000, 0x0000000100000000)
  eden space 331776K, 4% used [0x00000000d5f00000,0x00000000d6ed1f70,0x00000000ea300000)
  from space 34816K, 43% used [0x00000000ec380000,0x00000000ed245688,0x00000000ee580000)
  to   space 33280K, 0% used [0x00000000ea300000,0x00000000ea300000,0x00000000ec380000)
 ParOldGen       total 115200K, used 32805K [0x0000000081c00000, 0x0000000088c80000, 0x00000000d5f00000)
  object space 115200K, 28% used [0x0000000081c00000,0x0000000083c09700,0x0000000088c80000)
 Metaspace       used 45137K, capacity 46118K, committed 46256K, reserved 1089536K
  class space    used 5266K, capacity 5537K, committed 5552K, reserved 1048576K
GC Heap History (10 events):
Event: 7.676 GC heap before
{Heap before GC invocations=10 (full 1):
 PSYoungGen      total 208896K, used 208885K [0x00000000d5f00000, 0x00000000e5680000, 0x0000000100000000)
  eden space 192000K, 100% used [0x00000000d5f00000,0x00000000e1a80000,0x00000000e1a80000)
  from space 16896K, 99% used [0x00000000e3180000,0x00000000e41fd550,0x00000000e4200000)
  to   space 23552K, 0% used [0x00000000e1a80000,0x00000000e1a80000,0x00000000e3180000)
 ParOldGen       total 69120K, used 34566K [0x0000000081c00000, 0x0000000085f80000, 0x00000000d5f00000)
  object space 69120K, 50% used [0x0000000081c00000,0x0000000083dc1938,0x0000000085f80000)
 Metaspace       used 24049K, capacity 24676K, committed 24752K, reserved 1071104K
  class space    used 2788K, capacity 2964K, committed 2992K, reserved 1048576K
Event: 7.717 GC heap after
Heap after GC invocations=10 (full 1):
 PSYoungGen      total 215552K, used 23541K [0x00000000d5f00000, 0x00000000e9e00000, 0x0000000100000000)
  eden space 192000K, 0% used [0x00000000d5f00000,0x00000000d5f00000,0x00000000e1a80000)
  from space 23552K, 99% used [0x00000000e1a80000,0x00000000e317d6a8,0x00000000e3180000)
  to   space 32768K, 0% used [0x00000000e7e00000,0x00000000e7e00000,0x00000000e9e00000)
 ParOldGen       total 69120K, used 48754K [0x0000000081c00000, 0x0000000085f80000, 0x00000000d5f00000)
  object space 69120K, 70% used [0x0000000081c00000,0x0000000084b9cb20,0x0000000085f80000)
 Metaspace       used 24049K, capacity 24676K, committed 24752K, reserved 1071104K
  class space    used 2788K, capacity 2964K, committed 2992K, reserved 1048576K
}
Event: 9.416 GC heap before
{Heap before GC invocations=11 (full 1):
 PSYoungGen      total 215552K, used 215541K [0x00000000d5f00000, 0x00000000e9e00000, 0x0000000100000000)
  eden space 192000K, 100% used [0x00000000d5f00000,0x00000000e1a80000,0x00000000e1a80000)
  from space 23552K, 99% used [0x00000000e1a80000,0x00000000e317d6a8,0x00000000e3180000)
  to   space 32768K, 0% used [0x00000000e7e00000,0x00000000e7e00000,0x00000000e9e00000)
 ParOldGen       total 69120K, used 48754K [0x0000000081c00000, 0x0000000085f80000, 0x00000000d5f00000)
  object space 69120K, 70% used [0x0000000081c00000,0x0000000084b9cb20,0x0000000085f80000)
 Metaspace       used 32189K, capacity 32896K, committed 33328K, reserved 1079296K
  class space    used 3812K, capacity 4038K, committed 4144K, reserved 1048576K
Event: 9.439 GC heap after
Heap after GC invocations=11 (full 1):
 PSYoungGen      total 288768K, used 26829K [0x00000000d5f00000, 0x00000000e9f00000, 0x0000000100000000)
  eden space 256000K, 0% used [0x00000000d5f00000,0x00000000d5f00000,0x00000000e5900000)
  from space 32768K, 81% used [0x00000000e7e00000,0x00000000e9833460,0x00000000e9e00000)
  to   space 35840K, 0% used [0x00000000e5900000,0x00000000e5900000,0x00000000e7c00000)
 ParOldGen       total 69120K, used 52515K [0x0000000081c00000, 0x0000000085f80000, 0x00000000d5f00000)
  object space 69120K, 75% used [0x0000000081c00000,0x0000000084f48eb0,0x0000000085f80000)
 Metaspace       used 32189K, capacity 32896K, committed 33328K, reserved 1079296K
  class space    used 3812K, capacity 4038K, committed 4144K, reserved 1048576K
}
Event: 99.051 GC heap before
{Heap before GC invocations=12 (full 1):
 PSYoungGen      total 288768K, used 66413K [0x00000000d5f00000, 0x00000000e9f00000, 0x0000000100000000)
  eden space 256000K, 15% used [0x00000000d5f00000,0x00000000d85a80a0,0x00000000e5900000)
  from space 32768K, 81% used [0x00000000e7e00000,0x00000000e9833460,0x00000000e9e00000)
  to   space 35840K, 0% used [0x00000000e5900000,0x00000000e5900000,0x00000000e7c00000)
 ParOldGen       total 69120K, used 52515K [0x0000000081c00000, 0x0000000085f80000, 0x00000000d5f00000)
  object space 69120K, 75% used [0x0000000081c00000,0x0000000084f48eb0,0x0000000085f80000)
 Metaspace       used 34646K, capacity 35264K, committed 35496K, reserved 1081344K
  class space    used 4109K, capacity 4358K, committed 4400K, reserved 1048576K
Event: 99.064 GC heap after
Heap after GC invocations=12 (full 1):
 PSYoungGen      total 291840K, used 8445K [0x00000000d5f00000, 0x00000000ee580000, 0x0000000100000000)
  eden space 256000K, 0% used [0x00000000d5f00000,0x00000000d5f00000,0x00000000e5900000)
  from space 35840K, 23% used [0x00000000e5900000,0x00000000e613f7e8,0x00000000e7c00000)
  to   space 34816K, 0% used [0x00000000ec380000,0x00000000ec380000,0x00000000ee580000)
 ParOldGen       total 69120K, used 60955K [0x0000000081c00000, 0x0000000085f80000, 0x00000000d5f00000)
  object space 69120K, 88% used [0x0000000081c00000,0x0000000085786c70,0x0000000085f80000)
 Metaspace       used 34646K, capacity 35264K, committed 35496K, reserved 1081344K
  class space    used 4109K, capacity 4358K, committed 4400K, reserved 1048576K
}
Event: 99.064 GC heap before
{Heap before GC invocations=13 (full 2):
 PSYoungGen      total 291840K, used 8445K [0x00000000d5f00000, 0x00000000ee580000, 0x0000000100000000)
  eden space 256000K, 0% used [0x00000000d5f00000,0x00000000d5f00000,0x00000000e5900000)
  from space 35840K, 23% used [0x00000000e5900000,0x00000000e613f7e8,0x00000000e7c00000)
  to   space 34816K, 0% used [0x00000000ec380000,0x00000000ec380000,0x00000000ee580000)
 ParOldGen       total 69120K, used 60955K [0x0000000081c00000, 0x0000000085f80000, 0x00000000d5f00000)
  object space 69120K, 88% used [0x0000000081c00000,0x0000000085786c70,0x0000000085f80000)
 Metaspace       used 34646K, capacity 35264K, committed 35496K, reserved 1081344K
  class space    used 4109K, capacity 4358K, committed 4400K, reserved 1048576K
Event: 99.134 GC heap after
Heap after GC invocations=13 (full 2):
 PSYoungGen      total 291840K, used 0K [0x00000000d5f00000, 0x00000000ee580000, 0x0000000100000000)
  eden space 256000K, 0% used [0x00000000d5f00000,0x00000000d5f00000,0x00000000e5900000)
  from space 35840K, 0% used [0x00000000e5900000,0x00000000e5900000,0x00000000e7c00000)
  to   space 34816K, 0% used [0x00000000ec380000,0x00000000ec380000,0x00000000ee580000)
 ParOldGen       total 115200K, used 32797K [0x0000000081c00000, 0x0000000088c80000, 0x00000000d5f00000)
  object space 115200K, 28% used [0x0000000081c00000,0x0000000083c07700,0x0000000088c80000)
 Metaspace       used 34646K, capacity 35264K, committed 35496K, reserved 1081344K
  class space    used 4109K, capacity 4358K, committed 4400K, reserved 1048576K
}
Event: 930.482 GC heap before
{Heap before GC invocations=14 (full 2):
 PSYoungGen      total 291840K, used 256000K [0x00000000d5f00000, 0x00000000ee580000, 0x0000000100000000)
  eden space 256000K, 100% used [0x00000000d5f00000,0x00000000e5900000,0x00000000e5900000)
  from space 35840K, 0% used [0x00000000e5900000,0x00000000e5900000,0x00000000e7c00000)
  to   space 34816K, 0% used [0x00000000ec380000,0x00000000ec380000,0x00000000ee580000)
 ParOldGen       total 115200K, used 32797K [0x0000000081c00000, 0x0000000088c80000, 0x00000000d5f00000)
  object space 115200K, 28% used [0x0000000081c00000,0x0000000083c07700,0x0000000088c80000)
 Metaspace       used 45037K, capacity 46054K, committed 46256K, reserved 1089536K
  class space    used 5261K, capacity 5537K, committed 5552K, reserved 1048576K
Event: 930.519 GC heap after
Heap after GC invocations=14 (full 2):
 PSYoungGen      total 366592K, used 15125K [0x00000000d5f00000, 0x00000000ef080000, 0x0000000100000000)
  eden space 331776K, 0% used [0x00000000d5f00000,0x00000000d5f00000,0x00000000ea300000)
  from space 34816K, 43% used [0x00000000ec380000,0x00000000ed245688,0x00000000ee580000)
  to   space 33280K, 0% used [0x00000000ea300000,0x00000000ea300000,0x00000000ec380000)
 ParOldGen       total 115200K, used 32805K [0x0000000081c00000, 0x0000000088c80000, 0x00000000d5f00000)
  object space 115200K, 28% used [0x0000000081c00000,0x0000000083c09700,0x0000000088c80000)
 Metaspace       used 45037K, capacity 46054K, committed 46256K, reserved 1089536K
  class space    used 5261K, capacity 5537K, committed 5552K, reserved 1048576K
}

